# JRE version: Java(TM) SE Runtime Environment (8.0_144-b01) (build 1.8.0_144-b01)
# Java VM: Java HotSpot(TM) 64-Bit Server VM (25.144-b01 mixed mode linux-amd64 compressed oops)
Heap:
 PSYoungGen      total 90112K, used 82357K [0x00000000f5580000, 0x00000000fbe00000, 0x0000000100000000)
  eden space 77824K, 93% used [0x00000000f5580000,0x00000000f9c55e68,0x00000000fa180000)
  from space 12288K, 79% used [0x00000000fa180000,0x00000000fab177d8,0x00000000fad80000)
  to   space 13312K, 0% used [0x00000000fb100000,0x00000000fb100000,0x00000000fbe00000)
 ParOldGen       total 133632K, used 98495K [0x00000000e0000000, 0x00000000e8280000, 0x00000000f5580000)
  object space 133632K, 73% used [0x00000000e0000000,0x00000000e602fc38,0x00000000e8280000)
 Metaspace       used 124426K, capacity 135213K, committed 135424K, reserved 1167360K
  class space    used 15300K, capacity 18422K, committed 18432K, reserved 1048576K
GC Heap History (10 events):
Event: 2183,032 GC heap before
{Heap before GC invocations=99 (full 21):
 PSYoungGen      total 83456K, used 2295K [0x00000000f5580000, 0x00000000fb500000, 0x0000000100000000)
  eden space 71680K, 3% used [0x00000000f5580000,0x00000000f57bddb8,0x00000000f9b80000)
  from space 11776K, 0% used [0x00000000f9b80000,0x00000000f9b80000,0x00000000fa700000)
  to   space 11264K, 0% used [0x00000000faa00000,0x00000000faa00000,0x00000000fb500000)
 ParOldGen       total 133632K, used 99394K [0x00000000e0000000, 0x00000000e8280000, 0x00000000f5580000)
  object space 133632K, 74% used [0x00000000e0000000,0x00000000e6110b80,0x00000000e8280000)
 Metaspace       used 123598K, capacity 134431K, committed 134656K, reserved 1165312K
  class space    used 15235K, capacity 18329K, committed 18432K, reserved 1048576K
Event: 2183,037 GC heap after
Heap after GC invocations=99 (full 21):
 PSYoungGen      total 86528K, used 96K [0x00000000f5580000, 0x00000000fb500000, 0x0000000100000000)
  eden space 75264K, 0% used [0x00000000f5580000,0x00000000f5580000,0x00000000f9f00000)
  from space 11264K, 0% used [0x00000000faa00000,0x00000000faa18000,0x00000000fb500000)
  to   space 11264K, 0% used [0x00000000f9f00000,0x00000000f9f00000,0x00000000faa00000)
 ParOldGen       total 133632K, used 99394K [0x00000000e0000000, 0x00000000e8280000, 0x00000000f5580000)
  object space 133632K, 74% used [0x00000000e0000000,0x00000000e6110b80,0x00000000e8280000)
 Metaspace       used 123598K, capacity 134431K, committed 134656K, reserved 1165312K
  class space    used 15235K, capacity 18329K, committed 18432K, reserved 1048576K
}
Event: 2183,037 GC heap before
{Heap before GC invocations=100 (full 22):
 PSYoungGen      total 86528K, used 96K [0x00000000f5580000, 0x00000000fb500000, 0x0000000100000000)
  eden space 75264K, 0% used [0x00000000f5580000,0x00000000f5580000,0x00000000f9f00000)
  from space 11264K, 0% used [0x00000000faa00000,0x00000000faa18000,0x00000000fb500000)
  to   space 11264K, 0% used [0x00000000f9f00000,0x00000000f9f00000,0x00000000faa00000)
 ParOldGen       total 133632K, used 99394K [0x00000000e0000000, 0x00000000e8280000, 0x00000000f5580000)
  object space 133632K, 74% used [0x00000000e0000000,0x00000000e6110b80,0x00000000e8280000)
 Metaspace       used 123598K, capacity 134431K, committed 134656K, reserved 1165312K
  class space    used 15235K, capacity 18329K, committed 18432K, reserved 1048576K
Event: 2183,426 GC heap after
Heap after GC invocations=100 (full 22):
 PSYoungGen      total 86528K, used 0K [0x00000000f5580000, 0x00000000fb500000, 0x0000000100000000)
  eden space 75264K, 0% used [0x00000000f5580000,0x00000000f5580000,0x00000000f9f00000)
  from space 11264K, 0% used [0x00000000faa00000,0x00000000faa00000,0x00000000fb500000)
  to   space 11264K, 0% used [0x00000000f9f00000,0x00000000f9f00000,0x00000000faa00000)
 ParOldGen       total 133632K, used 98495K [0x00000000e0000000, 0x00000000e8280000, 0x00000000f5580000)
  object space 133632K, 73% used [0x00000000e0000000,0x00000000e602fc38,0x00000000e8280000)
 Metaspace       used 123583K, capacity 134407K, committed 134656K, reserved 1165312K
  class space    used 15233K, capacity 18325K, committed 18432K, reserved 1048576K
}
Event: 2222,191 GC heap before
{Heap before GC invocations=101 (full 22):
 PSYoungGen      total 86528K, used 75264K [0x00000000f5580000, 0x00000000fb500000, 0x0000000100000000)
  eden space 75264K, 100% used [0x00000000f5580000,0x00000000f9f00000,0x00000000f9f00000)
  from space 11264K, 0% used [0x00000000faa00000,0x00000000faa00000,0x00000000fb500000)
  to   space 11264K, 0% used [0x00000000f9f00000,0x00000000f9f00000,0x00000000faa00000)
 ParOldGen       total 133632K, used 98495K [0x00000000e0000000, 0x00000000e8280000, 0x00000000f5580000)
  object space 133632K, 73% used [0x00000000e0000000,0x00000000e602fc38,0x00000000e8280000)
 Metaspace       used 123621K, capacity 134471K, committed 134656K, reserved 1165312K
  class space    used 15233K, capacity 18325K, committed 18432K, reserved 1048576K
Event: 2222,199 GC heap after
Heap after GC invocations=101 (full 22):
 PSYoungGen      total 86528K, used 6432K [0x00000000f5580000, 0x00000000fb880000, 0x0000000100000000)
  eden space 75264K, 0% used [0x00000000f5580000,0x00000000f5580000,0x00000000f9f00000)
  from space 11264K, 57% used [0x00000000f9f00000,0x00000000fa548000,0x00000000faa00000)
  to   space 11264K, 0% used [0x00000000fad80000,0x00000000fad80000,0x00000000fb880000)
 ParOldGen       total 133632K, used 98495K [0x00000000e0000000, 0x00000000e8280000, 0x00000000f5580000)
  object space 133632K, 73% used [0x00000000e0000000,0x00000000e602fc38,0x00000000e8280000)
 Metaspace       used 123621K, capacity 134471K, committed 134656K, reserved 1165312K
  class space    used 15233K, capacity 18325K, committed 18432K, reserved 1048576K
}
Event: 2243,555 GC heap before
{Heap before GC invocations=102 (full 22):
 PSYoungGen      total 86528K, used 81696K [0x00000000f5580000, 0x00000000fb880000, 0x0000000100000000)
  eden space 75264K, 100% used [0x00000000f5580000,0x00000000f9f00000,0x00000000f9f00000)
  from space 11264K, 57% used [0x00000000f9f00000,0x00000000fa548000,0x00000000faa00000)
  to   space 11264K, 0% used [0x00000000fad80000,0x00000000fad80000,0x00000000fb880000)
 ParOldGen       total 133632K, used 98495K [0x00000000e0000000, 0x00000000e8280000, 0x00000000f5580000)
  object space 133632K, 73% used [0x00000000e0000000,0x00000000e602fc38,0x00000000e8280000)
 Metaspace       used 123716K, capacity 134535K, committed 134912K, reserved 1165312K
  class space    used 15233K, capacity 18325K, committed 18432K, reserved 1048576K
Event: 2243,565 GC heap after
Heap after GC invocations=102 (full 22):
 PSYoungGen      total 89088K, used 9220K [0x00000000f5580000, 0x00000000fba00000, 0x0000000100000000)
  eden space 77824K, 0% used [0x00000000f5580000,0x00000000f5580000,0x00000000fa180000)
  from space 11264K, 81% used [0x00000000fad80000,0x00000000fb6811c0,0x00000000fb880000)
  to   space 12288K, 0% used [0x00000000fa180000,0x00000000fa180000,0x00000000fad80000)
 ParOldGen       total 133632K, used 98495K [0x00000000e0000000, 0x00000000e8280000, 0x00000000f5580000)
  object space 133632K, 73% used [0x00000000e0000000,0x00000000e602fc38,0x00000000e8280000)
 Metaspace       used 123716K, capacity 134535K, committed 134912K, reserved 1165312K
  class space    used 15233K, capacity 18325K, committed 18432K, reserved 1048576K
}
Event: 2308,746 GC heap before
{Heap before GC invocations=103 (full 22):
 PSYoungGen      total 89088K, used 87044K [0x00000000f5580000, 0x00000000fba00000, 0x0000000100000000)
  eden space 77824K, 100% used [0x00000000f5580000,0x00000000fa180000,0x00000000fa180000)
  from space 11264K, 81% used [0x00000000fad80000,0x00000000fb6811c0,0x00000000fb880000)
  to   space 12288K, 0% used [0x00000000fa180000,0x00000000fa180000,0x00000000fad80000)
 ParOldGen       total 133632K, used 98495K [0x00000000e0000000, 0x00000000e8280000, 0x00000000f5580000)
  object space 133632K, 73% used [0x00000000e0000000,0x00000000e602fc38,0x00000000e8280000)
 Metaspace       used 123977K, capacity 134765K, committed 134912K, reserved 1165312K
  class space    used 15258K, capacity 18358K, committed 18432K, reserved 1048576K
Event: 2308,759 GC heap after
Heap after GC invocations=103 (full 22):
 PSYoungGen      total 90112K, used 9821K [0x00000000f5580000, 0x00000000fbe00000, 0x0000000100000000)
  eden space 77824K, 0% used [0x00000000f5580000,0x00000000f5580000,0x00000000fa180000)
  from space 12288K, 79% used [0x00000000fa180000,0x00000000fab177d8,0x00000000fad80000)
  to   space 13312K, 0% used [0x00000000fb100000,0x00000000fb100000,0x00000000fbe00000)
 ParOldGen       total 133632K, used 98495K [0x00000000e0000000, 0x00000000e8280000, 0x00000000f5580000)
  object space 133632K, 73% used [0x00000000e0000000,0x00000000e602fc38,0x00000000e8280000)
 Metaspace       used 123977K, capacity 134765K, committed 134912K, reserved 1165312K
  class space    used 15258K, capacity 18358K, committed 18432K, reserved 1048576K
}

